<?xml version="1.0" encoding="UTF-8"?>
<!-- Generated by org.testng.reporters.JUnitReportReporter -->
<testsuite hostname="DHARUN" failures="0" tests="1" name="Sample.Launch_a_browser" time="7.581" errors="0" timestamp="2025-02-12T12:42:07 IST" skipped="0">
  <testcase classname="Sample.Launch_a_browser" name="m1" time="7.581"/>
  <system-out/>
</testsuite> <!-- Sample.Launch_a_browser -->
